<?xml version="1.0" encoding="UTF-8"?>
<testsuite xmlns:xsi="http://www.w3.org/2001/XMLSchema-instance" xsi:noNamespaceSchemaLocation="https://maven.apache.org/surefire/maven-surefire-plugin/xsd/surefire-test-report-3.0.xsd" version="3.0" name="com.example.kinesis.processor.RecordProcessorFactoryTest" time="1.991" tests="3" errors="0" skipped="0" failures="0">
  <properties>
[...]
</properties>
  <testcase name="testFactoryWithNullService" classname="com.example.kinesis.processor.RecordProcessorFactoryTest" time="1.949"/>
  <testcase name="testShardRecordProcessorCreation" classname="com.example.kinesis.processor.RecordProcessorFactoryTest" time="0.004"/>
  <testcase name="testMultipleProcessorCreation" classname="com.example.kinesis.processor.RecordProcessorFactoryTest" time="0.006"/>
</testsuite>